<?xml version="1.0" encoding="UTF-8"?>
<!-- Generated by org.testng.reporters.JUnitReportReporter -->
<testsuite hostname="Raviraj" failures="0" tests="2" name="ui.LoginTest" time="0.010" errors="0" timestamp="2022-09-22T09:35:09 IST" skipped="0">
  <testcase classname="ui.LoginTest" name="loginTest" time="0.007"/>
  <system-out/>
  <testcase classname="ui.LoginTest" name="logoutTest" time="0.003"/>
  <system-out/>
</testsuite> <!-- ui.LoginTest -->
